[16-Jun-2018 21:05:08 Asia/Manila] PHP Fatal error:  Uncaught PDOException: SQLSTATE[42000]: Syntax error or access violation: 1064 You have an error in your SQL syntax; check the manual that corresponds to your MySQL server version for the right syntax to use near '' at line 1 in C:\Users\MISD-004\Desktop\UwAmp310\www\dtrsystem\db.php:39
Stack trace:
#0 C:\Users\MISD-004\Desktop\UwAmp310\www\dtrsystem\db.php(39): PDO->query('SELECT privileg...')
#1 C:\Users\MISD-004\Desktop\UwAmp310\www\dtrsystem\db.php(71): pdo_db->getData('SELECT privileg...')
#2 C:\Users\MISD-004\Desktop\UwAmp310\www\dtrsystem\handlers\privileges.php(11): pdo_db->get(Array, Array)
#3 {main}
  thrown in C:\Users\MISD-004\Desktop\UwAmp310\www\dtrsystem\db.php on line 39
[16-Jun-2018 21:05:56 Asia/Manila] PHP Fatal error:  Uncaught PDOException: SQLSTATE[42000]: Syntax error or access violation: 1064 You have an error in your SQL syntax; check the manual that corresponds to your MySQL server version for the right syntax to use near '' at line 1 in C:\Users\MISD-004\Desktop\UwAmp310\www\dtrsystem\db.php:39
Stack trace:
#0 C:\Users\MISD-004\Desktop\UwAmp310\www\dtrsystem\db.php(39): PDO->query('SELECT privileg...')
#1 C:\Users\MISD-004\Desktop\UwAmp310\www\dtrsystem\db.php(71): pdo_db->getData('SELECT privileg...')
#2 C:\Users\MISD-004\Desktop\UwAmp310\www\dtrsystem\handlers\privileges.php(11): pdo_db->get(Array, Array)
#3 {main}
  thrown in C:\Users\MISD-004\Desktop\UwAmp310\www\dtrsystem\db.php on line 39
[16-Jun-2018 21:08:15 Asia/Manila] PHP Fatal error:  Uncaught PDOException: SQLSTATE[42000]: Syntax error or access violation: 1064 You have an error in your SQL syntax; check the manual that corresponds to your MySQL server version for the right syntax to use near '' at line 1 in C:\Users\MISD-004\Desktop\UwAmp310\www\dtrsystem\db.php:39
Stack trace:
#0 C:\Users\MISD-004\Desktop\UwAmp310\www\dtrsystem\db.php(39): PDO->query('SELECT privileg...')
#1 C:\Users\MISD-004\Desktop\UwAmp310\www\dtrsystem\db.php(71): pdo_db->getData('SELECT privileg...')
#2 C:\Users\MISD-004\Desktop\UwAmp310\www\dtrsystem\handlers\privileges.php(11): pdo_db->get(Array, Array)
#3 {main}
  thrown in C:\Users\MISD-004\Desktop\UwAmp310\www\dtrsystem\db.php on line 39
[16-Jun-2018 21:08:15 Asia/Manila] PHP Fatal error:  Uncaught PDOException: SQLSTATE[42000]: Syntax error or access violation: 1064 You have an error in your SQL syntax; check the manual that corresponds to your MySQL server version for the right syntax to use near '' at line 1 in C:\Users\MISD-004\Desktop\UwAmp310\www\dtrsystem\db.php:39
Stack trace:
#0 C:\Users\MISD-004\Desktop\UwAmp310\www\dtrsystem\db.php(39): PDO->query('SELECT privileg...')
#1 C:\Users\MISD-004\Desktop\UwAmp310\www\dtrsystem\db.php(71): pdo_db->getData('SELECT privileg...')
#2 C:\Users\MISD-004\Desktop\UwAmp310\www\dtrsystem\handlers\privileges.php(11): pdo_db->get(Array, Array)
#3 {main}
  thrown in C:\Users\MISD-004\Desktop\UwAmp310\www\dtrsystem\db.php on line 39
[16-Jun-2018 21:10:00 Asia/Manila] PHP Fatal error:  Uncaught PDOException: SQLSTATE[42000]: Syntax error or access violation: 1064 You have an error in your SQL syntax; check the manual that corresponds to your MySQL server version for the right syntax to use near '' at line 1 in C:\Users\MISD-004\Desktop\UwAmp310\www\dtrsystem\db.php:39
Stack trace:
#0 C:\Users\MISD-004\Desktop\UwAmp310\www\dtrsystem\db.php(39): PDO->query('SELECT privileg...')
#1 C:\Users\MISD-004\Desktop\UwAmp310\www\dtrsystem\db.php(71): pdo_db->getData('SELECT privileg...')
#2 C:\Users\MISD-004\Desktop\UwAmp310\www\dtrsystem\handlers\privileges.php(11): pdo_db->get(Array, Array)
#3 {main}
  thrown in C:\Users\MISD-004\Desktop\UwAmp310\www\dtrsystem\db.php on line 39
[16-Jun-2018 21:10:22 Asia/Manila] PHP Fatal error:  Uncaught PDOException: SQLSTATE[42000]: Syntax error or access violation: 1064 You have an error in your SQL syntax; check the manual that corresponds to your MySQL server version for the right syntax to use near '' at line 1 in C:\Users\MISD-004\Desktop\UwAmp310\www\dtrsystem\db.php:39
Stack trace:
#0 C:\Users\MISD-004\Desktop\UwAmp310\www\dtrsystem\db.php(39): PDO->query('SELECT privileg...')
#1 C:\Users\MISD-004\Desktop\UwAmp310\www\dtrsystem\db.php(71): pdo_db->getData('SELECT privileg...')
#2 C:\Users\MISD-004\Desktop\UwAmp310\www\dtrsystem\handlers\privileges.php(11): pdo_db->get(Array, Array)
#3 {main}
  thrown in C:\Users\MISD-004\Desktop\UwAmp310\www\dtrsystem\db.php on line 39
[16-Jun-2018 21:12:03 Asia/Manila] PHP Fatal error:  Uncaught PDOException: SQLSTATE[42000]: Syntax error or access violation: 1064 You have an error in your SQL syntax; check the manual that corresponds to your MySQL server version for the right syntax to use near '' at line 1 in C:\Users\MISD-004\Desktop\UwAmp310\www\dtrsystem\db.php:39
Stack trace:
#0 C:\Users\MISD-004\Desktop\UwAmp310\www\dtrsystem\db.php(39): PDO->query('SELECT privileg...')
#1 C:\Users\MISD-004\Desktop\UwAmp310\www\dtrsystem\db.php(71): pdo_db->getData('SELECT privileg...')
#2 C:\Users\MISD-004\Desktop\UwAmp310\www\dtrsystem\handlers\privileges.php(11): pdo_db->get(Array, Array)
#3 {main}
  thrown in C:\Users\MISD-004\Desktop\UwAmp310\www\dtrsystem\db.php on line 39
[16-Jun-2018 21:12:21 Asia/Manila] PHP Fatal error:  Uncaught PDOException: SQLSTATE[42000]: Syntax error or access violation: 1064 You have an error in your SQL syntax; check the manual that corresponds to your MySQL server version for the right syntax to use near '' at line 1 in C:\Users\MISD-004\Desktop\UwAmp310\www\dtrsystem\db.php:39
Stack trace:
#0 C:\Users\MISD-004\Desktop\UwAmp310\www\dtrsystem\db.php(39): PDO->query('SELECT privileg...')
#1 C:\Users\MISD-004\Desktop\UwAmp310\www\dtrsystem\db.php(71): pdo_db->getData('SELECT privileg...')
#2 C:\Users\MISD-004\Desktop\UwAmp310\www\dtrsystem\handlers\privileges.php(11): pdo_db->get(Array, Array)
#3 {main}
  thrown in C:\Users\MISD-004\Desktop\UwAmp310\www\dtrsystem\db.php on line 39
[16-Jun-2018 21:22:57 Asia/Manila] PHP Notice:  Undefined index: id in C:\Users\MISD-004\Desktop\UwAmp310\www\dtrsystem\handlers\privileges.php on line 11
[16-Jun-2018 21:22:57 Asia/Manila] PHP Stack trace:
[16-Jun-2018 21:22:57 Asia/Manila] PHP   1. {main}() C:\Users\MISD-004\Desktop\UwAmp310\www\dtrsystem\handlers\privileges.php:0
[16-Jun-2018 21:22:57 Asia/Manila] PHP Fatal error:  Uncaught PDOException: SQLSTATE[42000]: Syntax error or access violation: 1064 You have an error in your SQL syntax; check the manual that corresponds to your MySQL server version for the right syntax to use near '' at line 1 in C:\Users\MISD-004\Desktop\UwAmp310\www\dtrsystem\db.php:39
Stack trace:
#0 C:\Users\MISD-004\Desktop\UwAmp310\www\dtrsystem\db.php(39): PDO->query('SELECT privileg...')
#1 C:\Users\MISD-004\Desktop\UwAmp310\www\dtrsystem\db.php(71): pdo_db->getData('SELECT privileg...')
#2 C:\Users\MISD-004\Desktop\UwAmp310\www\dtrsystem\handlers\privileges.php(11): pdo_db->get(Array, Array)
#3 {main}
  thrown in C:\Users\MISD-004\Desktop\UwAmp310\www\dtrsystem\db.php on line 39
[16-Jun-2018 21:23:07 Asia/Manila] PHP Notice:  Undefined index: id in C:\Users\MISD-004\Desktop\UwAmp310\www\dtrsystem\handlers\privileges.php on line 11
[16-Jun-2018 21:23:07 Asia/Manila] PHP Stack trace:
[16-Jun-2018 21:23:07 Asia/Manila] PHP   1. {main}() C:\Users\MISD-004\Desktop\UwAmp310\www\dtrsystem\handlers\privileges.php:0
[16-Jun-2018 21:23:07 Asia/Manila] PHP Fatal error:  Uncaught PDOException: SQLSTATE[42000]: Syntax error or access violation: 1064 You have an error in your SQL syntax; check the manual that corresponds to your MySQL server version for the right syntax to use near '' at line 1 in C:\Users\MISD-004\Desktop\UwAmp310\www\dtrsystem\db.php:39
Stack trace:
#0 C:\Users\MISD-004\Desktop\UwAmp310\www\dtrsystem\db.php(39): PDO->query('SELECT privileg...')
#1 C:\Users\MISD-004\Desktop\UwAmp310\www\dtrsystem\db.php(71): pdo_db->getData('SELECT privileg...')
#2 C:\Users\MISD-004\Desktop\UwAmp310\www\dtrsystem\handlers\privileges.php(11): pdo_db->get(Array, Array)
#3 {main}
  thrown in C:\Users\MISD-004\Desktop\UwAmp310\www\dtrsystem\db.php on line 39
